2024-12-09 22:51:48,266 INFO: Personnel Management startup [in D:\personnel_management1\backend\app\__init__.py:77]
2024-12-09 22:53:20,170 INFO: Personnel Management startup [in D:\personnel_management1\backend\app\__init__.py:77]
2024-12-09 22:54:27,541 INFO: Personnel Management startup [in D:\personnel_management1\backend\app\__init__.py:77]
2024-12-09 22:56:22,260 INFO: Personnel Management startup [in D:\personnel_management1\backend\app\__init__.py:77]
2024-12-09 22:57:52,475 INFO: Personnel Management startup [in D:\personnel_management1\backend\app\__init__.py:77]
2024-12-09 22:59:47,973 INFO: Personnel Management startup [in D:\personnel_management1\backend\app\__init__.py:73]
2024-12-09 23:00:37,982 INFO: Personnel Management startup [in D:\personnel_management1\backend\app\__init__.py:73]
2024-12-09 23:01:42,082 INFO: Personnel Management startup [in D:\personnel_management1\backend\app\__init__.py:80]
2024-12-09 23:03:48,860 INFO: Personnel Management startup [in D:\personnel_management1\backend\app\__init__.py:80]
2024-12-09 23:06:01,440 INFO: Personnel Management startup [in D:\personnel_management1\backend\app\__init__.py:80]
2024-12-09 23:07:18,410 INFO: Personnel Management startup [in D:\personnel_management1\backend\app\__init__.py:80]
2024-12-09 23:08:24,310 INFO: Personnel Management startup [in D:\personnel_management1\backend\app\__init__.py:80]
2024-12-09 23:09:26,893 INFO: Personnel Management startup [in D:\personnel_management1\backend\app\__init__.py:80]
2024-12-09 23:09:28,994 INFO: Personnel Management startup [in D:\personnel_management1\backend\app\__init__.py:80]
2024-12-09 23:09:43,020 ERROR: ÈÏÖ¤´íÎó: Mapper 'mapped class Department->departments' has no property 'employees' [in D:\personnel_management1\backend\app\services\auth_service.py:69]
2024-12-09 23:10:22,560 INFO: Personnel Management startup [in D:\personnel_management1\backend\app\__init__.py:80]
2024-12-09 23:11:27,656 INFO: Personnel Management startup [in D:\personnel_management1\backend\app\__init__.py:80]
2024-12-09 23:12:31,636 INFO: Personnel Management startup [in D:\personnel_management1\backend\app\__init__.py:80]
2024-12-09 23:14:06,586 INFO: Personnel Management startup [in D:\personnel_management1\backend\app\__init__.py:80]
2024-12-09 23:14:08,542 INFO: Personnel Management startup [in D:\personnel_management1\backend\app\__init__.py:80]
2024-12-09 23:17:00,036 INFO: Personnel Management startup [in D:\personnel_management1\backend\app\__init__.py:80]
2024-12-09 23:18:31,386 INFO: Personnel Management startup [in D:\personnel_management1\backend\app\__init__.py:80]
2024-12-09 23:18:33,417 INFO: Personnel Management startup [in D:\personnel_management1\backend\app\__init__.py:80]
2024-12-09 23:18:41,509 INFO: Login attempt for username: admin [in D:\personnel_management1\backend\app\api\auth.py:12]
2024-12-09 23:18:41,582 INFO: User found: True [in D:\personnel_management1\backend\app\api\auth.py:21]
2024-12-09 23:18:41,903 INFO: Login successful for user: admin [in D:\personnel_management1\backend\app\api\auth.py:43]
2024-12-09 23:18:41,904 INFO: Response data: {'token': 'eyJhbGciOiJIUzI1NiIsInR5cCI6IkpXVCJ9.eyJmcmVzaCI6ZmFsc2UsImlhdCI6MTczMzc1NzUyMSwianRpIjoiOTk4YTUzMWMtZjIzYS00YWIwLWE0OTgtYzkzMDQ2N2I4ZmIwIiwidHlwZSI6ImFjY2VzcyIsInN1YiI6MSwibmJmIjoxNzMzNzU3NTIxLCJleHAiOjE3MzM4NDM5MjF9.ZCftDFd4Lqck1ByGX0esArbLhElhkGuHwP9dwnHsKxE', 'user': {'id': 1, 'username': 'admin', 'role': 'admin'}} [in D:\personnel_management1\backend\app\api\auth.py:54]
2024-12-09 23:19:05,117 INFO: Personnel Management startup [in D:\personnel_management1\backend\app\__init__.py:80]
2024-12-09 23:19:07,408 INFO: Personnel Management startup [in D:\personnel_management1\backend\app\__init__.py:80]
2024-12-09 23:19:15,268 INFO: Personnel Management startup [in D:\personnel_management1\backend\app\__init__.py:80]
2024-12-09 23:19:36,118 INFO: Login attempt for username: admin [in D:\personnel_management1\backend\app\api\auth.py:12]
2024-12-09 23:19:36,202 INFO: User found: True [in D:\personnel_management1\backend\app\api\auth.py:21]
2024-12-09 23:19:36,505 INFO: Login successful for user: admin [in D:\personnel_management1\backend\app\api\auth.py:43]
2024-12-09 23:19:36,505 INFO: Response data: {'token': 'eyJhbGciOiJIUzI1NiIsInR5cCI6IkpXVCJ9.eyJmcmVzaCI6ZmFsc2UsImlhdCI6MTczMzc1NzU3NiwianRpIjoiNGM4YjBiN2QtZjAyYi00ZTg3LWFhYjYtOWVkNDkwODhhNGYxIiwidHlwZSI6ImFjY2VzcyIsInN1YiI6MSwibmJmIjoxNzMzNzU3NTc2LCJleHAiOjE3MzM4NDM5NzZ9.aE5nYbZNdt5-AFFb2YvJOv5kqLWvknXjh5yUywsAHXY', 'user': {'id': 1, 'username': 'admin', 'role': 'admin'}} [in D:\personnel_management1\backend\app\api\auth.py:54]
2024-12-09 23:20:29,418 INFO: Login attempt for username: admin [in D:\personnel_management1\backend\app\api\auth.py:12]
2024-12-09 23:20:29,422 INFO: User found: True [in D:\personnel_management1\backend\app\api\auth.py:21]
2024-12-09 23:20:29,733 INFO: Login successful for user: admin [in D:\personnel_management1\backend\app\api\auth.py:43]
2024-12-09 23:20:29,735 INFO: Response data: {'token': 'eyJhbGciOiJIUzI1NiIsInR5cCI6IkpXVCJ9.eyJmcmVzaCI6ZmFsc2UsImlhdCI6MTczMzc1NzYyOSwianRpIjoiMzk2MmQ3NWYtZGRmZC00MWVkLThjMDUtYzVkZTJiM2RhNzM0IiwidHlwZSI6ImFjY2VzcyIsInN1YiI6MSwibmJmIjoxNzMzNzU3NjI5LCJleHAiOjE3MzM4NDQwMjl9.nZjUWz76gMu8HyWtdQlSqRb63XV1yWOrelXtMwdx6JM', 'user': {'id': 1, 'username': 'admin', 'role': 'admin'}} [in D:\personnel_management1\backend\app\api\auth.py:54]
2024-12-09 23:22:23,276 INFO: Personnel Management startup [in D:\personnel_management1\backend\app\__init__.py:80]
2024-12-09 23:22:25,227 INFO: Personnel Management startup [in D:\personnel_management1\backend\app\__init__.py:80]
2024-12-09 23:22:36,026 INFO: Login attempt for username: admin [in D:\personnel_management1\backend\app\api\auth.py:12]
2024-12-09 23:22:36,129 INFO: User found: True [in D:\personnel_management1\backend\app\api\auth.py:21]
2024-12-09 23:22:36,546 INFO: Login successful for user: admin [in D:\personnel_management1\backend\app\api\auth.py:43]
2024-12-09 23:22:36,547 INFO: Response data: {'token': 'eyJhbGciOiJIUzI1NiIsInR5cCI6IkpXVCJ9.eyJmcmVzaCI6ZmFsc2UsImlhdCI6MTczMzc1Nzc1NiwianRpIjoiZWQ2YmZjMzMtMWM1Yy00ZjMyLWE0ZTEtZGZjMjhjYTIwODU4IiwidHlwZSI6ImFjY2VzcyIsInN1YiI6MSwibmJmIjoxNzMzNzU3NzU2LCJleHAiOjE3MzM4NDQxNTZ9.cF8iGYojnuCWCzXdSGXYlTczRCEbACaqijyUujOUz0E', 'user': {'id': 1, 'username': 'admin', 'role': 'admin'}} [in D:\personnel_management1\backend\app\api\auth.py:54]
2024-12-09 23:24:07,168 INFO: Personnel Management startup [in D:\personnel_management1\backend\app\__init__.py:80]
2024-12-09 23:24:52,517 INFO: Login attempt for username: admin [in D:\personnel_management1\backend\app\api\auth.py:12]
2024-12-09 23:24:52,603 INFO: User found: True [in D:\personnel_management1\backend\app\api\auth.py:21]
2024-12-09 23:24:52,896 INFO: Login successful for user: admin [in D:\personnel_management1\backend\app\api\auth.py:43]
2024-12-09 23:24:52,897 INFO: Response data: {'token': 'eyJhbGciOiJIUzI1NiIsInR5cCI6IkpXVCJ9.eyJmcmVzaCI6ZmFsc2UsImlhdCI6MTczMzc1Nzg5MiwianRpIjoiYjEzZTIyNGItNTgyZi00YTI1LTg1Y2QtNWFlMzQ4MWM1NzM1IiwidHlwZSI6ImFjY2VzcyIsInN1YiI6MSwibmJmIjoxNzMzNzU3ODkyLCJleHAiOjE3MzM4NDQyOTJ9.01kpHM3uydYaTd-49IXBcBKQUPjXSrkY4tRLjLCyM-U', 'user': {'id': 1, 'username': 'admin', 'role': 'admin'}} [in D:\personnel_management1\backend\app\api\auth.py:54]
2024-12-09 23:28:42,751 INFO: Personnel Management startup [in D:\personnel_management1\backend\app\__init__.py:80]
2024-12-09 23:36:17,992 INFO: Personnel Management startup [in D:\personnel_management1\backend\app\__init__.py:80]
2024-12-09 23:38:07,287 INFO: Personnel Management startup [in D:\personnel_management1\backend\app\__init__.py:80]
2024-12-09 23:39:30,503 INFO: Personnel Management startup [in D:\personnel_management1\backend\app\__init__.py:80]
2024-12-09 23:41:01,262 INFO: Personnel Management startup [in D:\personnel_management1\backend\app\__init__.py:80]
2024-12-09 23:43:36,537 INFO: Personnel Management startup [in D:\personnel_management1\backend\app\__init__.py:80]
2024-12-09 23:44:59,634 INFO: Personnel Management startup [in D:\personnel_management1\backend\app\__init__.py:80]
2024-12-09 23:47:41,224 INFO: Personnel Management startup [in D:\personnel_management1\backend\app\__init__.py:80]
2024-12-09 23:47:43,387 INFO: Personnel Management startup [in D:\personnel_management1\backend\app\__init__.py:80]
2024-12-09 23:48:01,328 INFO: Login attempt for username: admin [in D:\personnel_management1\backend\app\api\auth.py:12]
2024-12-09 23:48:01,402 INFO: User found: True [in D:\personnel_management1\backend\app\api\auth.py:21]
2024-12-09 23:48:01,627 INFO: Login successful for user: admin [in D:\personnel_management1\backend\app\api\auth.py:43]
2024-12-09 23:48:01,628 INFO: Response data: {'token': 'eyJhbGciOiJIUzI1NiIsInR5cCI6IkpXVCJ9.eyJmcmVzaCI6ZmFsc2UsImlhdCI6MTczMzc1OTI4MSwianRpIjoiZWQwOGY5MDctOWU5Mi00OWVhLWE5NTgtYjY4ODFhNWE2Yzg2IiwidHlwZSI6ImFjY2VzcyIsInN1YiI6NSwibmJmIjoxNzMzNzU5MjgxLCJjc3JmIjoiYmQ0ZmUzNzktMmIyNS00MzJjLWFiNTUtZmJjMDkwYzI4OTNhIiwiZXhwIjoxNzMzODQ1NjgxfQ.OJtP6eBaKzYnP0e1mb_4iRp9uQaI7yes-ddU2iTbJ40', 'user': {'id': 5, 'username': 'admin', 'role': 'admin'}} [in D:\personnel_management1\backend\app\api\auth.py:54]
2024-12-09 23:49:37,823 INFO: Personnel Management startup [in D:\personnel_management1\backend\app\__init__.py:80]
2024-12-09 23:50:08,989 INFO: Personnel Management startup [in D:\personnel_management1\backend\app\__init__.py:80]
2024-12-09 23:50:44,234 INFO: Personnel Management startup [in D:\personnel_management1\backend\app\__init__.py:80]
2024-12-09 23:54:27,681 INFO: Login attempt for username: admin [in D:\personnel_management1\backend\app\api\auth.py:12]
2024-12-09 23:54:27,812 INFO: User found: True [in D:\personnel_management1\backend\app\api\auth.py:21]
2024-12-09 23:54:28,128 INFO: Login successful for user: admin [in D:\personnel_management1\backend\app\api\auth.py:43]
